<?xml version="1.0" encoding="UTF-8"?>
<testsuite xmlns:xsi="http://www.w3.org/2001/XMLSchema-instance" xsi:noNamespaceSchemaLocation="https://maven.apache.org/surefire/maven-surefire-plugin/xsd/surefire-test-report.xsd" name="TestSuite" time="11.455" tests="32" errors="0" skipped="0" failures="0">
  <properties>
    <property name="sun.desktop" value="windows"/>
    <property name="awt.toolkit" value="sun.awt.windows.WToolkit"/>
    <property name="file.encoding.pkg" value="sun.io"/>
    <property name="java.specification.version" value="1.8"/>
    <property name="sun.cpu.isalist" value="amd64"/>
    <property name="sun.jnu.encoding" value="Cp1252"/>
    <property name="java.class.path" value="C:\Users\sonam\eclipse-workspace\restassured\target\test-classes;C:\Users\sonam\eclipse-workspace\restassured\target\classes;C:\Users\sonam\.m2\repository\junit\junit\4.11\junit-4.11.jar;C:\Users\sonam\.m2\repository\org\hamcrest\hamcrest-core\1.3\hamcrest-core-1.3.jar;C:\Users\sonam\.m2\repository\io\rest-assured\rest-assured\4.2.0\rest-assured-4.2.0.jar;C:\Users\sonam\.m2\repository\org\codehaus\groovy\groovy\2.5.8\groovy-2.5.8.jar;C:\Users\sonam\.m2\repository\org\codehaus\groovy\groovy-xml\2.5.8\groovy-xml-2.5.8.jar;C:\Users\sonam\.m2\repository\org\apache\httpcomponents\httpclient\4.5.3\httpclient-4.5.3.jar;C:\Users\sonam\.m2\repository\org\apache\httpcomponents\httpcore\4.4.6\httpcore-4.4.6.jar;C:\Users\sonam\.m2\repository\commons-logging\commons-logging\1.2\commons-logging-1.2.jar;C:\Users\sonam\.m2\repository\org\apache\httpcomponents\httpmime\4.5.3\httpmime-4.5.3.jar;C:\Users\sonam\.m2\repository\org\ccil\cowan\tagsoup\tagsoup\1.2.1\tagsoup-1.2.1.jar;C:\Users\sonam\.m2\repository\io\qameta\allure\allure-testng\2.13.1\allure-testng-2.13.1.jar;C:\Users\sonam\.m2\repository\io\qameta\allure\allure-java-commons\2.13.1\allure-java-commons-2.13.1.jar;C:\Users\sonam\.m2\repository\io\qameta\allure\allure-model\2.13.1\allure-model-2.13.1.jar;C:\Users\sonam\.m2\repository\org\slf4j\slf4j-api\1.7.25\slf4j-api-1.7.25.jar;C:\Users\sonam\.m2\repository\org\apache\tika\tika-core\1.20\tika-core-1.20.jar;C:\Users\sonam\.m2\repository\org\jooq\joor-java-8\0.9.10\joor-java-8-0.9.10.jar;C:\Users\sonam\.m2\repository\com\googlecode\json-simple\json-simple\1.1.1\json-simple-1.1.1.jar;C:\Users\sonam\.m2\repository\org\testng\testng\6.14.3\testng-6.14.3.jar;C:\Users\sonam\.m2\repository\com\beust\jcommander\1.72\jcommander-1.72.jar;C:\Users\sonam\.m2\repository\org\apache-extras\beanshell\bsh\2.0b6\bsh-2.0b6.jar;C:\Users\sonam\.m2\repository\org\hamcrest\hamcrest\2.2\hamcrest-2.2.jar;C:\Users\sonam\.m2\repository\org\apache\poi\poi-ooxml\3.17\poi-ooxml-3.17.jar;C:\Users\sonam\.m2\repository\org\apache\poi\poi-ooxml-schemas\3.17\poi-ooxml-schemas-3.17.jar;C:\Users\sonam\.m2\repository\org\apache\xmlbeans\xmlbeans\2.6.0\xmlbeans-2.6.0.jar;C:\Users\sonam\.m2\repository\stax\stax-api\1.0.1\stax-api-1.0.1.jar;C:\Users\sonam\.m2\repository\com\github\virtuald\curvesapi\1.04\curvesapi-1.04.jar;C:\Users\sonam\.m2\repository\org\apache\poi\poi\3.17\poi-3.17.jar;C:\Users\sonam\.m2\repository\commons-codec\commons-codec\1.10\commons-codec-1.10.jar;C:\Users\sonam\.m2\repository\org\apache\commons\commons-collections4\4.1\commons-collections4-4.1.jar;C:\Users\sonam\.m2\repository\log4j\log4j\1.2.17\log4j-1.2.17.jar;C:\Users\sonam\.m2\repository\com\relevantcodes\extentreports\2.41.2\extentreports-2.41.2.jar;C:\Users\sonam\.m2\repository\org\jsoup\jsoup\1.8.3\jsoup-1.8.3.jar;C:\Users\sonam\.m2\repository\org\xerial\sqlite-jdbc\3.8.11.1\sqlite-jdbc-3.8.11.1.jar;C:\Users\sonam\.m2\repository\org\freemarker\freemarker\2.3.23\freemarker-2.3.23.jar;C:\Users\sonam\.m2\repository\org\mongodb\mongodb-driver\3.0.4\mongodb-driver-3.0.4.jar;C:\Users\sonam\.m2\repository\org\mongodb\bson\3.0.4\bson-3.0.4.jar;C:\Users\sonam\.m2\repository\org\mongodb\mongodb-driver-core\3.0.4\mongodb-driver-core-3.0.4.jar;C:\Users\sonam\.m2\repository\io\rest-assured\json-path\4.2.0\json-path-4.2.0.jar;C:\Users\sonam\.m2\repository\org\codehaus\groovy\groovy-json\2.5.8\groovy-json-2.5.8.jar;C:\Users\sonam\.m2\repository\io\rest-assured\rest-assured-common\4.2.0\rest-assured-common-4.2.0.jar;C:\Users\sonam\.m2\repository\io\rest-assured\xml-path\4.4.0\xml-path-4.4.0.jar;C:\Users\sonam\.m2\repository\org\apache\commons\commons-lang3\3.11\commons-lang3-3.11.jar;C:\Users\sonam\.m2\repository\jakarta\xml\bind\jakarta.xml.bind-api\2.3.3\jakarta.xml.bind-api-2.3.3.jar;C:\Users\sonam\.m2\repository\jakarta\activation\jakarta.activation-api\1.2.2\jakarta.activation-api-1.2.2.jar;C:\Users\sonam\.m2\repository\com\sun\xml\bind\jaxb-impl\2.3.3\jaxb-impl-2.3.3.jar;C:\Users\sonam\.m2\repository\com\fasterxml\jackson\core\jackson-databind\2.12.3\jackson-databind-2.12.3.jar;C:\Users\sonam\.m2\repository\com\fasterxml\jackson\core\jackson-annotations\2.12.3\jackson-annotations-2.12.3.jar;C:\Users\sonam\.m2\repository\com\fasterxml\jackson\core\jackson-core\2.12.3\jackson-core-2.12.3.jar;"/>
    <property name="java.vm.vendor" value="Oracle Corporation"/>
    <property name="sun.arch.data.model" value="64"/>
    <property name="user.variant" value=""/>
    <property name="java.vendor.url" value="http://java.oracle.com/"/>
    <property name="user.timezone" value="Australia/Sydney"/>
    <property name="java.vm.specification.version" value="1.8"/>
    <property name="os.name" value="Windows 10"/>
    <property name="user.country" value="AU"/>
    <property name="sun.java.launcher" value="SUN_STANDARD"/>
    <property name="sun.boot.library.path" value="C:\Program Files\Java\jdk1.8.0_281\jre\bin"/>
    <property name="sun.java.command" value="C:\Users\sonam\AppData\Local\Temp\surefire2024974450900543711\surefirebooter7773692248319595219.jar C:\Users\sonam\AppData\Local\Temp\surefire2024974450900543711 2021-07-18T15-09-23_436-jvmRun1 surefire8047551687604010355tmp surefire_03016049177157709569tmp"/>
    <property name="surefire.test.class.path" value="C:\Users\sonam\eclipse-workspace\restassured\target\test-classes;C:\Users\sonam\eclipse-workspace\restassured\target\classes;C:\Users\sonam\.m2\repository\junit\junit\4.11\junit-4.11.jar;C:\Users\sonam\.m2\repository\org\hamcrest\hamcrest-core\1.3\hamcrest-core-1.3.jar;C:\Users\sonam\.m2\repository\io\rest-assured\rest-assured\4.2.0\rest-assured-4.2.0.jar;C:\Users\sonam\.m2\repository\org\codehaus\groovy\groovy\2.5.8\groovy-2.5.8.jar;C:\Users\sonam\.m2\repository\org\codehaus\groovy\groovy-xml\2.5.8\groovy-xml-2.5.8.jar;C:\Users\sonam\.m2\repository\org\apache\httpcomponents\httpclient\4.5.3\httpclient-4.5.3.jar;C:\Users\sonam\.m2\repository\org\apache\httpcomponents\httpcore\4.4.6\httpcore-4.4.6.jar;C:\Users\sonam\.m2\repository\commons-logging\commons-logging\1.2\commons-logging-1.2.jar;C:\Users\sonam\.m2\repository\org\apache\httpcomponents\httpmime\4.5.3\httpmime-4.5.3.jar;C:\Users\sonam\.m2\repository\org\ccil\cowan\tagsoup\tagsoup\1.2.1\tagsoup-1.2.1.jar;C:\Users\sonam\.m2\repository\io\qameta\allure\allure-testng\2.13.1\allure-testng-2.13.1.jar;C:\Users\sonam\.m2\repository\io\qameta\allure\allure-java-commons\2.13.1\allure-java-commons-2.13.1.jar;C:\Users\sonam\.m2\repository\io\qameta\allure\allure-model\2.13.1\allure-model-2.13.1.jar;C:\Users\sonam\.m2\repository\org\slf4j\slf4j-api\1.7.25\slf4j-api-1.7.25.jar;C:\Users\sonam\.m2\repository\org\apache\tika\tika-core\1.20\tika-core-1.20.jar;C:\Users\sonam\.m2\repository\org\jooq\joor-java-8\0.9.10\joor-java-8-0.9.10.jar;C:\Users\sonam\.m2\repository\com\googlecode\json-simple\json-simple\1.1.1\json-simple-1.1.1.jar;C:\Users\sonam\.m2\repository\org\testng\testng\6.14.3\testng-6.14.3.jar;C:\Users\sonam\.m2\repository\com\beust\jcommander\1.72\jcommander-1.72.jar;C:\Users\sonam\.m2\repository\org\apache-extras\beanshell\bsh\2.0b6\bsh-2.0b6.jar;C:\Users\sonam\.m2\repository\org\hamcrest\hamcrest\2.2\hamcrest-2.2.jar;C:\Users\sonam\.m2\repository\org\apache\poi\poi-ooxml\3.17\poi-ooxml-3.17.jar;C:\Users\sonam\.m2\repository\org\apache\poi\poi-ooxml-schemas\3.17\poi-ooxml-schemas-3.17.jar;C:\Users\sonam\.m2\repository\org\apache\xmlbeans\xmlbeans\2.6.0\xmlbeans-2.6.0.jar;C:\Users\sonam\.m2\repository\stax\stax-api\1.0.1\stax-api-1.0.1.jar;C:\Users\sonam\.m2\repository\com\github\virtuald\curvesapi\1.04\curvesapi-1.04.jar;C:\Users\sonam\.m2\repository\org\apache\poi\poi\3.17\poi-3.17.jar;C:\Users\sonam\.m2\repository\commons-codec\commons-codec\1.10\commons-codec-1.10.jar;C:\Users\sonam\.m2\repository\org\apache\commons\commons-collections4\4.1\commons-collections4-4.1.jar;C:\Users\sonam\.m2\repository\log4j\log4j\1.2.17\log4j-1.2.17.jar;C:\Users\sonam\.m2\repository\com\relevantcodes\extentreports\2.41.2\extentreports-2.41.2.jar;C:\Users\sonam\.m2\repository\org\jsoup\jsoup\1.8.3\jsoup-1.8.3.jar;C:\Users\sonam\.m2\repository\org\xerial\sqlite-jdbc\3.8.11.1\sqlite-jdbc-3.8.11.1.jar;C:\Users\sonam\.m2\repository\org\freemarker\freemarker\2.3.23\freemarker-2.3.23.jar;C:\Users\sonam\.m2\repository\org\mongodb\mongodb-driver\3.0.4\mongodb-driver-3.0.4.jar;C:\Users\sonam\.m2\repository\org\mongodb\bson\3.0.4\bson-3.0.4.jar;C:\Users\sonam\.m2\repository\org\mongodb\mongodb-driver-core\3.0.4\mongodb-driver-core-3.0.4.jar;C:\Users\sonam\.m2\repository\io\rest-assured\json-path\4.2.0\json-path-4.2.0.jar;C:\Users\sonam\.m2\repository\org\codehaus\groovy\groovy-json\2.5.8\groovy-json-2.5.8.jar;C:\Users\sonam\.m2\repository\io\rest-assured\rest-assured-common\4.2.0\rest-assured-common-4.2.0.jar;C:\Users\sonam\.m2\repository\io\rest-assured\xml-path\4.4.0\xml-path-4.4.0.jar;C:\Users\sonam\.m2\repository\org\apache\commons\commons-lang3\3.11\commons-lang3-3.11.jar;C:\Users\sonam\.m2\repository\jakarta\xml\bind\jakarta.xml.bind-api\2.3.3\jakarta.xml.bind-api-2.3.3.jar;C:\Users\sonam\.m2\repository\jakarta\activation\jakarta.activation-api\1.2.2\jakarta.activation-api-1.2.2.jar;C:\Users\sonam\.m2\repository\com\sun\xml\bind\jaxb-impl\2.3.3\jaxb-impl-2.3.3.jar;C:\Users\sonam\.m2\repository\com\fasterxml\jackson\core\jackson-databind\2.12.3\jackson-databind-2.12.3.jar;C:\Users\sonam\.m2\repository\com\fasterxml\jackson\core\jackson-annotations\2.12.3\jackson-annotations-2.12.3.jar;C:\Users\sonam\.m2\repository\com\fasterxml\jackson\core\jackson-core\2.12.3\jackson-core-2.12.3.jar;"/>
    <property name="sun.cpu.endian" value="little"/>
    <property name="user.home" value="C:\Users\sonam"/>
    <property name="user.language" value="en"/>
    <property name="java.specification.vendor" value="Oracle Corporation"/>
    <property name="java.home" value="C:\Program Files\Java\jdk1.8.0_281\jre"/>
    <property name="basedir" value="C:\Users\sonam\eclipse-workspace\restassured"/>
    <property name="file.separator" value="\"/>
    <property name="line.separator" value="&#10;"/>
    <property name="java.vm.specification.vendor" value="Oracle Corporation"/>
    <property name="java.specification.name" value="Java Platform API Specification"/>
    <property name="java.awt.graphicsenv" value="sun.awt.Win32GraphicsEnvironment"/>
    <property name="surefire.real.class.path" value="C:\Users\sonam\AppData\Local\Temp\surefire2024974450900543711\surefirebooter7773692248319595219.jar"/>
    <property name="sun.boot.class.path" value="C:\Program Files\Java\jdk1.8.0_281\jre\lib\resources.jar;C:\Program Files\Java\jdk1.8.0_281\jre\lib\rt.jar;C:\Program Files\Java\jdk1.8.0_281\jre\lib\sunrsasign.jar;C:\Program Files\Java\jdk1.8.0_281\jre\lib\jsse.jar;C:\Program Files\Java\jdk1.8.0_281\jre\lib\jce.jar;C:\Program Files\Java\jdk1.8.0_281\jre\lib\charsets.jar;C:\Program Files\Java\jdk1.8.0_281\jre\lib\jfr.jar;C:\Program Files\Java\jdk1.8.0_281\jre\classes"/>
    <property name="user.script" value=""/>
    <property name="sun.management.compiler" value="HotSpot 64-Bit Tiered Compilers"/>
    <property name="java.runtime.version" value="1.8.0_281-b09"/>
    <property name="user.name" value="sonam"/>
    <property name="path.separator" value=";"/>
    <property name="os.version" value="10.0"/>
    <property name="java.endorsed.dirs" value="C:\Program Files\Java\jdk1.8.0_281\jre\lib\endorsed"/>
    <property name="java.runtime.name" value="Java(TM) SE Runtime Environment"/>
    <property name="file.encoding" value="Cp1252"/>
    <property name="java.vm.name" value="Java HotSpot(TM) 64-Bit Server VM"/>
    <property name="localRepository" value="C:\Users\sonam\.m2\repository"/>
    <property name="java.vendor.url.bug" value="http://bugreport.sun.com/bugreport/"/>
    <property name="java.io.tmpdir" value="C:\Users\sonam\AppData\Local\Temp\"/>
    <property name="java.version" value="1.8.0_281"/>
    <property name="user.dir" value="C:\Users\sonam\eclipse-workspace\restassured"/>
    <property name="os.arch" value="amd64"/>
    <property name="java.vm.specification.name" value="Java Virtual Machine Specification"/>
    <property name="java.awt.printerjob" value="sun.awt.windows.WPrinterJob"/>
    <property name="sun.os.patch.level" value=""/>
    <property name="java.library.path" value="C:\Program Files\Java\jdk1.8.0_281\jre\bin;C:\WINDOWS\Sun\Java\bin;C:\WINDOWS\system32;C:\WINDOWS;C:\Program Files (x86)\Common Files\Oracle\Java\javapath;C:\WINDOWS\system32;C:\WINDOWS;C:\WINDOWS\System32\Wbem;C:\WINDOWS\System32\WindowsPowerShell\v1.0\;C:\WINDOWS\System32\OpenSSH\;C:\Program Files\Java\jdk1.8.0_281\bin;C:\apache-maven-3.6.3\bin;C:\Program Files\Git\cmd;;C:\Program Files\Docker\Docker\resources\bin;C:\ProgramData\DockerDesktop\version-bin;C:\Program Files\nodejs\;C:\Users\sonam\scoop\shims;C:\Users\sonam\AppData\Local\Microsoft\WindowsApps;C:\Users\sonam\AppData\Roaming\npm;C:\Users\sonam\AppData\Local\Programs\Microsoft VS Code\bin;C:\Users\sonam\AppData\Local\Microsoft\WindowsApps;;."/>
    <property name="java.vm.info" value="mixed mode"/>
    <property name="java.vendor" value="Oracle Corporation"/>
    <property name="java.vm.version" value="25.281-b09"/>
    <property name="java.ext.dirs" value="C:\Program Files\Java\jdk1.8.0_281\jre\lib\ext;C:\WINDOWS\Sun\Java\lib\ext"/>
    <property name="sun.io.unicode.encoding" value="UnicodeLittle"/>
    <property name="java.class.version" value="52.0"/>
  </properties>
  <testcase name="getRadarresponsetime" classname="com.testcase.GetRadarFutureDataAPITest" time="0.013"/>
  <testcase name="verifyRadarContenttype" classname="com.testcase.GetRadarFutureDataAPITest" time="0.005"/>
  <testcase name="verifyRadarResponsecode" classname="com.testcase.GetRadarFutureDataAPITest" time="0.005"/>
  <testcase name="verifyRadarresponsexcache" classname="com.testcase.GetRadarFutureDataAPITest" time="0.004"/>
  <testcase name="verifyradarresponsebody" classname="com.testcase.GetRadarFutureDataAPITest" time="0.034"/>
  <testcase name="verifyradarresponsecookie" classname="com.testcase.GetRadarFutureDataAPITest" time="0.035"/>
  <testcase name="verifyradarresponseserver" classname="com.testcase.GetRadarFutureDataAPITest" time="0.038"/>
  <testcase name="verifyradarstatusmesg" classname="com.testcase.GetRadarFutureDataAPITest" time="0.003"/>
  <testcase name="getRadarpastresponsetime" classname="com.testcase.GetRadarPastDataAPITest" time="0.016"/>
  <testcase name="verifyRadarPastContenttype" classname="com.testcase.GetRadarPastDataAPITest" time="0.006"/>
  <testcase name="verifyRadarPastResponsecode" classname="com.testcase.GetRadarPastDataAPITest" time="0"/>
  <testcase name="verifyradarpastresponsebody" classname="com.testcase.GetRadarPastDataAPITest" time="0.492"/>
  <testcase name="verifyradarpastresponsecookie" classname="com.testcase.GetRadarPastDataAPITest" time="0.049"/>
  <testcase name="verifyradarpastresponseserver" classname="com.testcase.GetRadarPastDataAPITest" time="0.003"/>
  <testcase name="verifyradarpaststatusmesg" classname="com.testcase.GetRadarPastDataAPITest" time="0.004"/>
  <testcase name="getSatelliteresponsetime" classname="com.testcase.GetSatelliteAPITest" time="0.022"/>
  <testcase name="verifySatelliteContenttype" classname="com.testcase.GetSatelliteAPITest" time="0.008"/>
  <testcase name="verifySatelliteResponsecode" classname="com.testcase.GetSatelliteAPITest" time="0"/>
  <testcase name="verifySatelliteresponsecookie" classname="com.testcase.GetSatelliteAPITest" time="0.003"/>
  <testcase name="verifySatelliteresponseserver" classname="com.testcase.GetSatelliteAPITest" time="0.004"/>
  <testcase name="verifySatelliteresponsexcache" classname="com.testcase.GetSatelliteAPITest" time="0.004"/>
  <testcase name="verifySatellitestatusmesg" classname="com.testcase.GetSatelliteAPITest" time="0.005"/>
  <testcase name="verifyCookie" classname="com.testcase.GetWeatherDetailsTest" time="0.004"/>
  <testcase name="verifyResponseBody" classname="com.testcase.GetWeatherDetailsTest" time="0.633"/>
  <testcase name="verifyResponseContenttype" classname="com.testcase.GetWeatherDetailsTest" time="0.005"/>
  <testcase name="verifyResponseServer" classname="com.testcase.GetWeatherDetailsTest" time="0.003"/>
  <testcase name="verifyResponseVersion" classname="com.testcase.GetWeatherDetailsTest" time="0.772"/>
  <testcase name="verifyStatuscode" classname="com.testcase.GetWeatherDetailsTest" time="0.007"/>
  <testcase name="verifycontentencoding" classname="com.testcase.GetWeatherDetailsTest" time="0.009"/>
  <testcase name="verifyresponsemsg" classname="com.testcase.GetWeatherDetailsTest" time="0.015"/>
  <testcase name="verifyresponsenowcast" classname="com.testcase.GetWeatherDetailsTest" time="0.573"/>
  <testcase name="verifyresponsetime" classname="com.testcase.GetWeatherDetailsTest" time="0.003"/>
</testsuite>