<?xml version="1.0" encoding="UTF-8"?>
<!-- Generated by org.testng.reporters.JUnitReportReporter -->
<testsuite skipped="0" hostname="DESKTOP-05E8T37" name="com.testcase.GetRadarPastDataAPITest" tests="7" failures="0" timestamp="18 Jul 2021 23:30:20 GMT" time="0.550" errors="0">
  <testcase name="verifyRadarPastResponsecode" time="0.007" classname="com.testcase.GetRadarPastDataAPITest"/>
  <testcase name="verifyRadarPastContenttype" time="0.007" classname="com.testcase.GetRadarPastDataAPITest"/>
  <testcase name="verifyradarpastresponsecookie" time="0.004" classname="com.testcase.GetRadarPastDataAPITest"/>
  <testcase name="verifyradarpaststatusmesg" time="0.004" classname="com.testcase.GetRadarPastDataAPITest"/>
  <testcase name="verifyradarpastresponsebody" time="0.514" classname="com.testcase.GetRadarPastDataAPITest"/>
  <testcase name="getRadarpastresponsetime" time="0.011" classname="com.testcase.GetRadarPastDataAPITest"/>
  <testcase name="verifyradarpastresponseserver" time="0.003" classname="com.testcase.GetRadarPastDataAPITest"/>
</testsuite> <!-- com.testcase.GetRadarPastDataAPITest -->
