<?xml version="1.0" encoding="UTF-8"?>
<!-- Generated by org.testng.reporters.JUnitReportReporter -->
<testsuite skipped="0" hostname="DESKTOP-05E8T37" name="com.testcase.GetWeatherDetailsTest" tests="10" failures="0" timestamp="18 Jul 2021 06:45:39 GMT" time="1.869" errors="0">
  <testcase name="verifyresponsemsg" time="0.008" classname="com.testcase.GetWeatherDetailsTest"/>
  <testcase name="verifycontentencoding" time="0.006" classname="com.testcase.GetWeatherDetailsTest"/>
  <testcase name="verifyResponseBody" time="0.561" classname="com.testcase.GetWeatherDetailsTest"/>
  <testcase name="verifyStatuscode" time="0.008" classname="com.testcase.GetWeatherDetailsTest"/>
  <testcase name="verifyResponseContenttype" time="0.009" classname="com.testcase.GetWeatherDetailsTest"/>
  <testcase name="verifyResponseServer" time="0.012" classname="com.testcase.GetWeatherDetailsTest"/>
  <testcase name="verifyresponsetime" time="0.006" classname="com.testcase.GetWeatherDetailsTest"/>
  <testcase name="verifyResponseVersion" time="0.553" classname="com.testcase.GetWeatherDetailsTest"/>
  <testcase name="verifyresponsenowcast" time="0.554" classname="com.testcase.GetWeatherDetailsTest"/>
  <testcase name="verifyCookie" time="0.152" classname="com.testcase.GetWeatherDetailsTest"/>
</testsuite> <!-- com.testcase.GetWeatherDetailsTest -->
