<?xml version="1.0" encoding="UTF-8"?>
<!-- Generated by org.testng.reporters.JUnitReportReporter -->
<testsuite skipped="1" hostname="DESKTOP-05E8T37" name="com.testcase.GetSatelliteAPITest" tests="8" failures="0" timestamp="18 Jul 2021 04:08:04 GMT" time="0.023" errors="0">
  <testcase name="verifySatelliteresponsecookie" time="0.003" classname="com.testcase.GetSatelliteAPITest"/>
  <testcase name="verifySatelliteresponseserver" time="0.003" classname="com.testcase.GetSatelliteAPITest"/>
  <testcase name="getSatelliteresponsetime" time="0.004" classname="com.testcase.GetSatelliteAPITest"/>
  <testcase name="verifySatellitestatusmesg" time="0.003" classname="com.testcase.GetSatelliteAPITest"/>
  <testcase name="verifySatelliteresponsexcache" time="0.004" classname="com.testcase.GetSatelliteAPITest"/>
  <testcase name="verifySatelliteContenttype" time="0.003" classname="com.testcase.GetSatelliteAPITest"/>
  <testcase name="verifySatelliteResponsecode" time="0.003" classname="com.testcase.GetSatelliteAPITest"/>
  <testcase name="verifySatelliteresponsebody" classname="com.testcase.GetSatelliteAPITest">
    <skipped/>
  </testcase> <!-- verifySatelliteresponsebody -->
</testsuite> <!-- com.testcase.GetSatelliteAPITest -->
