<?xml version="1.0" encoding="UTF-8"?>
<!-- Generated by org.testng.reporters.JUnitReportReporter -->
<testsuite skipped="0" hostname="DESKTOP-05E8T37" name="com.testcase.GetRadarPastDataAPITest" tests="7" failures="0" timestamp="18 Jul 2021 04:08:04 GMT" time="60.844" errors="0">
  <testcase name="getRadarpastresponsetime" time="0.012" classname="com.testcase.GetRadarPastDataAPITest"/>
  <testcase name="verifyradarpastresponsecookie" time="0.007" classname="com.testcase.GetRadarPastDataAPITest"/>
  <testcase name="verifyRadarPastResponsecode" time="0.006" classname="com.testcase.GetRadarPastDataAPITest"/>
  <testcase name="verifyRadarPastContenttype" time="0.009" classname="com.testcase.GetRadarPastDataAPITest"/>
  <testcase name="verifyradarpaststatusmesg" time="0.004" classname="com.testcase.GetRadarPastDataAPITest"/>
  <testcase name="verifyradarpastresponseserver" time="0.006" classname="com.testcase.GetRadarPastDataAPITest"/>
  <testcase name="verifyradarpastresponsebody" time="60.800" classname="com.testcase.GetRadarPastDataAPITest"/>
</testsuite> <!-- com.testcase.GetRadarPastDataAPITest -->
