<?xml version="1.0" encoding="UTF-8"?>
<!-- Generated by org.testng.reporters.JUnitReportReporter -->
<testsuite skipped="0" hostname="DESKTOP-05E8T37" name="com.testcase.GetRadarFutureDataAPITest" tests="8" failures="0" timestamp="18 Jul 2021 04:08:04 GMT" time="0.061" errors="0">
  <testcase name="verifyradarresponsebody" time="0.011" classname="com.testcase.GetRadarFutureDataAPITest"/>
  <testcase name="verifyRadarresponsexcache" time="0.005" classname="com.testcase.GetRadarFutureDataAPITest"/>
  <testcase name="verifyradarstatusmesg" time="0.004" classname="com.testcase.GetRadarFutureDataAPITest"/>
  <testcase name="verifyradarresponseserver" time="0.005" classname="com.testcase.GetRadarFutureDataAPITest"/>
  <testcase name="verifyradarresponsecookie" time="0.005" classname="com.testcase.GetRadarFutureDataAPITest"/>
  <testcase name="verifyRadarContenttype" time="0.017" classname="com.testcase.GetRadarFutureDataAPITest"/>
  <testcase name="getRadarresponsetime" time="0.009" classname="com.testcase.GetRadarFutureDataAPITest"/>
  <testcase name="verifyRadarResponsecode" time="0.005" classname="com.testcase.GetRadarFutureDataAPITest"/>
</testsuite> <!-- com.testcase.GetRadarFutureDataAPITest -->
