<?xml version="1.0" encoding="UTF-8"?>
<!-- Generated by org.testng.reporters.JUnitReportReporter -->
<testsuite skipped="0" hostname="DESKTOP-05E8T37" name="com.testcase.GetRadarAPITest" tests="8" failures="0" timestamp="18 Jul 2021 03:49:46 GMT" time="0.088" errors="0">
  <testcase name="verifyradarresponseserver" time="0.006" classname="com.testcase.GetRadarAPITest"/>
  <testcase name="verifyradarstatusmesg" time="0.005" classname="com.testcase.GetRadarAPITest"/>
  <testcase name="getRadarresponsetime" time="0.010" classname="com.testcase.GetRadarAPITest"/>
  <testcase name="verifyradarresponsebody" time="0.030" classname="com.testcase.GetRadarAPITest"/>
  <testcase name="verifyRadarContenttype" time="0.010" classname="com.testcase.GetRadarAPITest"/>
  <testcase name="verifyRadarResponsecode" time="0.010" classname="com.testcase.GetRadarAPITest"/>
  <testcase name="verifyRadarresponsexcache" time="0.012" classname="com.testcase.GetRadarAPITest"/>
  <testcase name="verifyradarresponsecookie" time="0.005" classname="com.testcase.GetRadarAPITest"/>
</testsuite> <!-- com.testcase.GetRadarAPITest -->
