<?xml version="1.0" encoding="UTF-8"?>
<!-- Generated by org.testng.reporters.JUnitReportReporter -->
<testsuite skipped="0" hostname="DESKTOP-05E8T37" name="com.testcase.GetWeatherDetailsTest" tests="10" failures="0" timestamp="18 Jul 2021 05:09:41 GMT" time="1.991" errors="0">
  <testcase name="verifyresponsetime" time="0.007" classname="com.testcase.GetWeatherDetailsTest"/>
  <testcase name="verifyResponseServer" time="0.002" classname="com.testcase.GetWeatherDetailsTest"/>
  <testcase name="verifycontentencoding" time="0.007" classname="com.testcase.GetWeatherDetailsTest"/>
  <testcase name="verifyStatuscode" time="0.005" classname="com.testcase.GetWeatherDetailsTest"/>
  <testcase name="verifyResponseVersion" time="0.767" classname="com.testcase.GetWeatherDetailsTest"/>
  <testcase name="verifyresponsemsg" time="0.005" classname="com.testcase.GetWeatherDetailsTest"/>
  <testcase name="verifyResponseBody" time="0.628" classname="com.testcase.GetWeatherDetailsTest"/>
  <testcase name="verifyResponseContenttype" time="0.002" classname="com.testcase.GetWeatherDetailsTest"/>
  <testcase name="verifyresponsenowcast" time="0.564" classname="com.testcase.GetWeatherDetailsTest"/>
  <testcase name="verifyCookie" time="0.004" classname="com.testcase.GetWeatherDetailsTest"/>
</testsuite> <!-- com.testcase.GetWeatherDetailsTest -->
