<?xml version="1.0" encoding="UTF-8"?>
<!-- Generated by org.testng.reporters.JUnitReportReporter -->
<testsuite skipped="0" hostname="DESKTOP-05E8T37" name="com.testcase.GetRadarPastDataAPITest" tests="7" failures="0" timestamp="19 Jul 2021 00:35:16 GMT" time="0.553" errors="0">
  <testcase name="getRadarpastresponsetime" time="0.003" classname="com.testcase.GetRadarPastDataAPITest"/>
  <testcase name="verifyradarpaststatusmesg" time="0.003" classname="com.testcase.GetRadarPastDataAPITest"/>
  <testcase name="verifyRadarPastResponsecode" time="0.003" classname="com.testcase.GetRadarPastDataAPITest"/>
  <testcase name="verifyradarpastresponsebody" time="0.533" classname="com.testcase.GetRadarPastDataAPITest"/>
  <testcase name="verifyradarpastresponsecookie" time="0.003" classname="com.testcase.GetRadarPastDataAPITest"/>
  <testcase name="verifyradarpastresponseserver" time="0.003" classname="com.testcase.GetRadarPastDataAPITest"/>
  <testcase name="verifyRadarPastContenttype" time="0.005" classname="com.testcase.GetRadarPastDataAPITest"/>
</testsuite> <!-- com.testcase.GetRadarPastDataAPITest -->
