<?xml version="1.0" encoding="UTF-8"?>
<!-- Generated by org.testng.reporters.JUnitReportReporter -->
<testsuite skipped="0" hostname="DESKTOP-05E8T37" name="com.testcase.GetWeatherDetailsTest" tests="10" failures="0" timestamp="19 Jul 2021 00:35:16 GMT" time="1.764" errors="0">
  <testcase name="verifyCookie" time="0.026" classname="com.testcase.GetWeatherDetailsTest"/>
  <testcase name="verifyResponseContenttype" time="0.005" classname="com.testcase.GetWeatherDetailsTest"/>
  <testcase name="verifyResponseServer" time="0.003" classname="com.testcase.GetWeatherDetailsTest"/>
  <testcase name="verifyResponseVersion" time="0.544" classname="com.testcase.GetWeatherDetailsTest"/>
  <testcase name="verifyResponseBody" time="0.581" classname="com.testcase.GetWeatherDetailsTest"/>
  <testcase name="verifyresponsetime" time="0.005" classname="com.testcase.GetWeatherDetailsTest"/>
  <testcase name="verifyresponsenowcast" time="0.591" classname="com.testcase.GetWeatherDetailsTest"/>
  <testcase name="verifyStatuscode" time="0.003" classname="com.testcase.GetWeatherDetailsTest"/>
  <testcase name="verifycontentencoding" time="0.003" classname="com.testcase.GetWeatherDetailsTest"/>
  <testcase name="verifyresponsemsg" time="0.003" classname="com.testcase.GetWeatherDetailsTest"/>
</testsuite> <!-- com.testcase.GetWeatherDetailsTest -->
